<?xml version="1.0" encoding="UTF-8"?>
<testng-results ignored="0" total="2" passed="2" failed="0" skipped="0">
  <reporter-output>
  </reporter-output>
  <suite started-at="2025-01-29T16:09:46 IST" name="Suite" finished-at="2025-01-29T16:09:52 IST" duration-ms="6264">
    <groups>
    </groups>
    <test started-at="2025-01-29T16:09:46 IST" name="Test" finished-at="2025-01-29T16:09:52 IST" duration-ms="6264">
      <class name="demo1.GetTest">
        <test-method signature="test1()[pri:0, instance:demo1.GetTest@63021689]" started-at="2025-01-29T16:09:46 IST" name="test1" finished-at="2025-01-29T16:09:50 IST" duration-ms="4218" status="PASS">
          <reporter-output>
          </reporter-output>
        </test-method> <!-- test1 -->
        <test-method signature="test2()[pri:0, instance:demo1.GetTest@63021689]" started-at="2025-01-29T16:09:50 IST" name="test2" finished-at="2025-01-29T16:09:52 IST" duration-ms="1955" status="PASS">
          <reporter-output>
          </reporter-output>
        </test-method> <!-- test2 -->
      </class> <!-- demo1.GetTest -->
    </test> <!-- Test -->
  </suite> <!-- Suite -->
</testng-results>
